<?xml version="1.0" encoding="UTF-8"?>
<!-- Generated by org.testng.reporters.JUnitXMLReporter -->
<testsuite hostname="QKSRVSH04" ignored="0" name="BankAccount" tests="6" failures="5" timestamp="2021-04-23T15:22:20 IST" time="55.344" errors="0">
  <testcase name="openingofAcc" time="17.484" classname="QualityKioskTraining.BankingAssessment.BankAccountTestCase">
    <failure type="java.lang.AssertionError" message="Account is opened expected [Account no. = 556611. Name = Mayur Rajput.] but found [null]">
      <![CDATA[java.lang.AssertionError: Account is opened expected [Account no. = 556611. Name = Mayur Rajput.] but found [null]
at QualityKioskTraining.BankingAssessment.BankAccountTestCase.openingofAcc(BankAccountTestCase.java:89)
at java.util.ArrayList.forEach(ArrayList.java:1257)
... Removed 32 stack frames]]>
    </failure>
  </testcase> <!-- openingofAcc -->
  <testcase name="InitialBalance" time="5.884" classname="QualityKioskTraining.BankingAssessment.BankAccountTestCase">
    <failure type="java.lang.AssertionError" message="expected [Initial balance = 5000] but found [null]">
      <![CDATA[java.lang.AssertionError: expected [Initial balance = 5000] but found [null]
at QualityKioskTraining.BankingAssessment.BankAccountTestCase.InitialBalance(BankAccountTestCase.java:68)
at java.util.ArrayList.forEach(ArrayList.java:1257)
... Removed 33 stack frames]]>
    </failure>
  </testcase> <!-- InitialBalance -->
  <testcase name="DepositMoney" time="5.86" classname="QualityKioskTraining.BankingAssessment.BankAccountTestCase">
    <failure type="java.lang.AssertionError" message="Money is deposited in account. expected [Amount deposited = 500] but found [null]">
      <![CDATA[java.lang.AssertionError: Money is deposited in account. expected [Amount deposited = 500] but found [null]
at QualityKioskTraining.BankingAssessment.BankAccountTestCase.DepositMoney(BankAccountTestCase.java:112)
at java.util.ArrayList.forEach(ArrayList.java:1257)
... Removed 32 stack frames]]>
    </failure>
  </testcase> <!-- DepositMoney -->
  <testcase name="withDraw" time="4.752" classname="QualityKioskTraining.BankingAssessment.BankAccountTestCase">
    <failure type="java.lang.AssertionError" message="amount is withdrawn expected [Amount withdrawn= 500] but found [null]">
      <![CDATA[java.lang.AssertionError: amount is withdrawn expected [Amount withdrawn= 500] but found [null]
at QualityKioskTraining.BankingAssessment.BankAccountTestCase.withDraw(BankAccountTestCase.java:139)
at java.util.ArrayList.forEach(ArrayList.java:1257)
... Removed 32 stack frames]]>
    </failure>
  </testcase> <!-- withDraw -->
  <testcase name="SavingAcc" time="11.11" classname="QualityKioskTraining.BankingAssessment.BankAccountTestCase"/>
  <testcase name="salaryAccount" time="10.165" classname="QualityKioskTraining.BankingAssessment.BankAccountTestCase">
    <failure type="java.util.InputMismatchException">
      <![CDATA[java.util.InputMismatchException
at java.util.Scanner.throwFor(Scanner.java:864)
at java.util.Scanner.next(Scanner.java:1485)
at java.util.Scanner.nextInt(Scanner.java:2117)
at java.util.Scanner.nextInt(Scanner.java:2076)
at QualityKioskTraining.BankingAssessment.BankAccountTestCase.salaryAccount(BankAccountTestCase.java:188)
at java.util.ArrayList.forEach(ArrayList.java:1257)
... Removed 27 stack frames]]>
    </failure>
  </testcase> <!-- salaryAccount -->
</testsuite> <!-- BankAccount -->
