<?xml version="1.0" encoding="UTF-8"?>
<!-- Generated by org.testng.reporters.JUnitXMLReporter -->
<testsuite hostname="QKSRVSH04" ignored="2" name="BankAccount" tests="4" failures="4" timestamp="2021-04-23T15:26:39 IST" time="17.941" errors="0">
  <testcase name="openingofAcc" time="9.297" classname="QualityKioskTraining.BankingAssessment.BankAccountTestCase">
    <failure type="java.lang.AssertionError" message="Account is opened expected [Account no. = 556611. Name = Mayur.] but found [null]">
      <![CDATA[java.lang.AssertionError: Account is opened expected [Account no. = 556611. Name = Mayur.] but found [null]
at QualityKioskTraining.BankingAssessment.BankAccountTestCase.openingofAcc(BankAccountTestCase.java:89)
at java.util.ArrayList.forEach(ArrayList.java:1257)
... Removed 32 stack frames]]>
    </failure>
  </testcase> <!-- openingofAcc -->
  <testcase name="InitialBalance" time="2.992" classname="QualityKioskTraining.BankingAssessment.BankAccountTestCase">
    <failure type="java.lang.AssertionError" message="expected [Initial balance = 5000] but found [null]">
      <![CDATA[java.lang.AssertionError: expected [Initial balance = 5000] but found [null]
at QualityKioskTraining.BankingAssessment.BankAccountTestCase.InitialBalance(BankAccountTestCase.java:68)
at java.util.ArrayList.forEach(ArrayList.java:1257)
... Removed 33 stack frames]]>
    </failure>
  </testcase> <!-- InitialBalance -->
  <testcase name="DepositMoney" time="2.813" classname="QualityKioskTraining.BankingAssessment.BankAccountTestCase">
    <failure type="java.lang.AssertionError" message="Money is deposited in account. expected [Amount deposited = 500] but found [null]">
      <![CDATA[java.lang.AssertionError: Money is deposited in account. expected [Amount deposited = 500] but found [null]
at QualityKioskTraining.BankingAssessment.BankAccountTestCase.DepositMoney(BankAccountTestCase.java:112)
at java.util.ArrayList.forEach(ArrayList.java:1257)
... Removed 32 stack frames]]>
    </failure>
  </testcase> <!-- DepositMoney -->
  <testcase name="withDraw" time="2.751" classname="QualityKioskTraining.BankingAssessment.BankAccountTestCase">
    <failure type="java.lang.AssertionError" message="amount is withdrawn expected [Amount withdrawn= 500] but found [null]">
      <![CDATA[java.lang.AssertionError: amount is withdrawn expected [Amount withdrawn= 500] but found [null]
at QualityKioskTraining.BankingAssessment.BankAccountTestCase.withDraw(BankAccountTestCase.java:139)
at java.util.ArrayList.forEach(ArrayList.java:1257)
... Removed 32 stack frames]]>
    </failure>
  </testcase> <!-- withDraw -->
  <testcase name="SavingAcc" time="0.0" classname="QualityKioskTraining.BankingAssessment.BankAccountTestCase">
    <ignored/>
  </testcase> <!-- SavingAcc -->
  <testcase name="salaryAccount" time="0.0" classname="QualityKioskTraining.BankingAssessment.BankAccountTestCase">
    <ignored/>
  </testcase> <!-- salaryAccount -->
</testsuite> <!-- BankAccount -->
