<?xml version="1.0" encoding="UTF-8"?>
<!-- Generated by org.testng.reporters.JUnitXMLReporter -->
<testsuite hostname="QKSRVSH04" ignored="4" name="Smoke Testing" tests="2" failures="1" timestamp="2021-04-23T15:28:45 IST" time="27.194" errors="0">
  <testcase name="SavingAcc" time="10.536" classname="QualityKioskTraining.BankingAssessment.BankAccountTestCase"/>
  <testcase name="salaryAccount" time="16.576" classname="QualityKioskTraining.BankingAssessment.BankAccountTestCase">
    <failure type="java.util.InputMismatchException" message="For input string: &amp;quot;8482855306&amp;quot;">
      <![CDATA[java.util.InputMismatchException: For input string: "8482855306"
at java.util.Scanner.nextInt(Scanner.java:2123)
at java.util.Scanner.nextInt(Scanner.java:2076)
at QualityKioskTraining.BankingAssessment.BankAccountTestCase.salaryAccount(BankAccountTestCase.java:193)
at java.util.ArrayList.forEach(ArrayList.java:1257)
... Removed 27 stack frames]]>
    </failure>
  </testcase> <!-- salaryAccount -->
  <testcase name="InitialBalance" time="0.0" classname="QualityKioskTraining.BankingAssessment.BankAccountTestCase">
    <ignored/>
  </testcase> <!-- InitialBalance -->
  <testcase name="openingofAcc" time="0.0" classname="QualityKioskTraining.BankingAssessment.BankAccountTestCase">
    <ignored/>
  </testcase> <!-- openingofAcc -->
  <testcase name="withDraw" time="0.0" classname="QualityKioskTraining.BankingAssessment.BankAccountTestCase">
    <ignored/>
  </testcase> <!-- withDraw -->
  <testcase name="DepositMoney" time="0.0" classname="QualityKioskTraining.BankingAssessment.BankAccountTestCase">
    <ignored/>
  </testcase> <!-- DepositMoney -->
</testsuite> <!-- Smoke Testing -->
